<?xml version="1.0" encoding="UTF-8"?>
<testsuite xmlns:xsi="http://www.w3.org/2001/XMLSchema-instance" xsi:noNamespaceSchemaLocation="https://maven.apache.org/surefire/maven-surefire-plugin/xsd/surefire-test-report-3.0.xsd" version="3.0" name="com.example.chessserver.gameplay.move.MoveFactoryTest" time="0.086" tests="5" errors="0" skipped="0" failures="0">
  <properties>
    <property name="java.specification.version" value="17"/>
    <property name="sun.jnu.encoding" value="UTF-8"/>
    <property name="java.class.path" value="/Users/matthewcostigan/chess-server/target/test-classes:/Users/matthewcostigan/chess-server/target/classes:/Users/matthewcostigan/.m2/repository/org/springframework/boot/spring-boot-starter-oauth2-resource-server/3.1.1/spring-boot-starter-oauth2-resource-server-3.1.1.jar:/Users/matthewcostigan/.m2/repository/org/springframework/boot/spring-boot-starter/3.1.1/spring-boot-starter-3.1.1.jar:/Users/matthewcostigan/.m2/repository/org/springframework/boot/spring-boot/3.1.1/spring-boot-3.1.1.jar:/Users/matthewcostigan/.m2/repository/org/springframework/boot/spring-boot-autoconfigure/3.1.1/spring-boot-autoconfigure-3.1.1.jar:/Users/matthewcostigan/.m2/repository/org/springframework/boot/spring-boot-starter-logging/3.1.1/spring-boot-starter-logging-3.1.1.jar:/Users/matthewcostigan/.m2/repository/ch/qos/logback/logback-classic/1.4.8/logback-classic-1.4.8.jar:/Users/matthewcostigan/.m2/repository/ch/qos/logback/logback-core/1.4.8/logback-core-1.4.8.jar:/Users/matthewcostigan/.m2/repository/org/apache/logging/log4j/log4j-to-slf4j/2.20.0/log4j-to-slf4j-2.20.0.jar:/Users/matthewcostigan/.m2/repository/org/apache/logging/log4j/log4j-api/2.20.0/log4j-api-2.20.0.jar:/Users/matthewcostigan/.m2/repository/org/slf4j/jul-to-slf4j/2.0.7/jul-to-slf4j-2.0.7.jar:/Users/matthewcostigan/.m2/repository/jakarta/annotation/jakarta.annotation-api/2.1.1/jakarta.annotation-api-2.1.1.jar:/Users/matthewcostigan/.m2/repository/org/yaml/snakeyaml/1.33/snakeyaml-1.33.jar:/Users/matthewcostigan/.m2/repository/org/springframework/security/spring-security-config/6.1.1/spring-security-config-6.1.1.jar:/Users/matthewcostigan/.m2/repository/org/springframework/spring-aop/6.0.10/spring-aop-6.0.10.jar:/Users/matthewcostigan/.m2/repository/org/springframework/spring-beans/6.0.10/spring-beans-6.0.10.jar:/Users/matthewcostigan/.m2/repository/org/springframework/spring-context/6.0.10/spring-context-6.0.10.jar:/Users/matthewcostigan/.m2/repository/org/springframework/security/spring-security-core/6.1.1/spring-security-core-6.1.1.jar:/Users/matthewcostigan/.m2/repository/org/springframework/security/spring-security-crypto/6.1.1/spring-security-crypto-6.1.1.jar:/Users/matthewcostigan/.m2/repository/org/springframework/spring-expression/6.0.10/spring-expression-6.0.10.jar:/Users/matthewcostigan/.m2/repository/io/micrometer/micrometer-observation/1.11.1/micrometer-observation-1.11.1.jar:/Users/matthewcostigan/.m2/repository/io/micrometer/micrometer-commons/1.11.1/micrometer-commons-1.11.1.jar:/Users/matthewcostigan/.m2/repository/org/springframework/security/spring-security-oauth2-jose/6.1.1/spring-security-oauth2-jose-6.1.1.jar:/Users/matthewcostigan/.m2/repository/com/nimbusds/nimbus-jose-jwt/9.31/nimbus-jose-jwt-9.31.jar:/Users/matthewcostigan/.m2/repository/com/github/stephenc/jcip/jcip-annotations/1.0-1/jcip-annotations-1.0-1.jar:/Users/matthewcostigan/.m2/repository/org/springframework/boot/spring-boot-starter-web/3.1.1/spring-boot-starter-web-3.1.1.jar:/Users/matthewcostigan/.m2/repository/org/springframework/boot/spring-boot-starter-json/3.1.1/spring-boot-starter-json-3.1.1.jar:/Users/matthewcostigan/.m2/repository/com/fasterxml/jackson/datatype/jackson-datatype-jdk8/2.15.2/jackson-datatype-jdk8-2.15.2.jar:/Users/matthewcostigan/.m2/repository/com/fasterxml/jackson/datatype/jackson-datatype-jsr310/2.15.2/jackson-datatype-jsr310-2.15.2.jar:/Users/matthewcostigan/.m2/repository/com/fasterxml/jackson/module/jackson-module-parameter-names/2.15.2/jackson-module-parameter-names-2.15.2.jar:/Users/matthewcostigan/.m2/repository/org/springframework/boot/spring-boot-starter-tomcat/3.1.1/spring-boot-starter-tomcat-3.1.1.jar:/Users/matthewcostigan/.m2/repository/org/apache/tomcat/embed/tomcat-embed-core/10.1.10/tomcat-embed-core-10.1.10.jar:/Users/matthewcostigan/.m2/repository/org/apache/tomcat/embed/tomcat-embed-el/10.1.10/tomcat-embed-el-10.1.10.jar:/Users/matthewcostigan/.m2/repository/org/apache/tomcat/embed/tomcat-embed-websocket/10.1.10/tomcat-embed-websocket-10.1.10.jar:/Users/matthewcostigan/.m2/repository/org/springframework/spring-web/6.0.10/spring-web-6.0.10.jar:/Users/matthewcostigan/.m2/repository/org/springframework/spring-webmvc/6.0.10/spring-webmvc-6.0.10.jar:/Users/matthewcostigan/.m2/repository/org/springframework/boot/spring-boot-starter-websocket/3.1.1/spring-boot-starter-websocket-3.1.1.jar:/Users/matthewcostigan/.m2/repository/org/springframework/spring-messaging/6.0.10/spring-messaging-6.0.10.jar:/Users/matthewcostigan/.m2/repository/org/springframework/spring-websocket/6.0.10/spring-websocket-6.0.10.jar:/Users/matthewcostigan/.m2/repository/com/fasterxml/jackson/module/jackson-module-kotlin/2.15.2/jackson-module-kotlin-2.15.2.jar:/Users/matthewcostigan/.m2/repository/com/fasterxml/jackson/core/jackson-databind/2.15.2/jackson-databind-2.15.2.jar:/Users/matthewcostigan/.m2/repository/com/fasterxml/jackson/core/jackson-core/2.15.2/jackson-core-2.15.2.jar:/Users/matthewcostigan/.m2/repository/com/fasterxml/jackson/core/jackson-annotations/2.15.2/jackson-annotations-2.15.2.jar:/Users/matthewcostigan/.m2/repository/org/jetbrains/kotlin/kotlin-reflect/1.6.10/kotlin-reflect-1.6.10.jar:/Users/matthewcostigan/.m2/repository/org/jetbrains/kotlin/kotlin-stdlib/1.6.10/kotlin-stdlib-1.6.10.jar:/Users/matthewcostigan/.m2/repository/org/jetbrains/annotations/13.0/annotations-13.0.jar:/Users/matthewcostigan/.m2/repository/org/jetbrains/kotlin/kotlin-stdlib-common/1.6.10/kotlin-stdlib-common-1.6.10.jar:/Users/matthewcostigan/.m2/repository/org/springframework/boot/spring-boot-starter-test/3.1.1/spring-boot-starter-test-3.1.1.jar:/Users/matthewcostigan/.m2/repository/org/springframework/boot/spring-boot-test/3.1.1/spring-boot-test-3.1.1.jar:/Users/matthewcostigan/.m2/repository/org/springframework/boot/spring-boot-test-autoconfigure/3.1.1/spring-boot-test-autoconfigure-3.1.1.jar:/Users/matthewcostigan/.m2/repository/com/jayway/jsonpath/json-path/2.8.0/json-path-2.8.0.jar:/Users/matthewcostigan/.m2/repository/org/slf4j/slf4j-api/2.0.7/slf4j-api-2.0.7.jar:/Users/matthewcostigan/.m2/repository/jakarta/xml/bind/jakarta.xml.bind-api/4.0.0/jakarta.xml.bind-api-4.0.0.jar:/Users/matthewcostigan/.m2/repository/jakarta/activation/jakarta.activation-api/2.1.2/jakarta.activation-api-2.1.2.jar:/Users/matthewcostigan/.m2/repository/net/minidev/json-smart/2.4.11/json-smart-2.4.11.jar:/Users/matthewcostigan/.m2/repository/net/minidev/accessors-smart/2.4.11/accessors-smart-2.4.11.jar:/Users/matthewcostigan/.m2/repository/org/ow2/asm/asm/9.3/asm-9.3.jar:/Users/matthewcostigan/.m2/repository/org/assertj/assertj-core/3.24.2/assertj-core-3.24.2.jar:/Users/matthewcostigan/.m2/repository/net/bytebuddy/byte-buddy/1.14.5/byte-buddy-1.14.5.jar:/Users/matthewcostigan/.m2/repository/org/hamcrest/hamcrest/2.2/hamcrest-2.2.jar:/Users/matthewcostigan/.m2/repository/org/junit/jupiter/junit-jupiter/5.9.3/junit-jupiter-5.9.3.jar:/Users/matthewcostigan/.m2/repository/org/junit/jupiter/junit-jupiter-api/5.9.3/junit-jupiter-api-5.9.3.jar:/Users/matthewcostigan/.m2/repository/org/opentest4j/opentest4j/1.2.0/opentest4j-1.2.0.jar:/Users/matthewcostigan/.m2/repository/org/junit/platform/junit-platform-commons/1.9.3/junit-platform-commons-1.9.3.jar:/Users/matthewcostigan/.m2/repository/org/apiguardian/apiguardian-api/1.1.2/apiguardian-api-1.1.2.jar:/Users/matthewcostigan/.m2/repository/org/junit/jupiter/junit-jupiter-params/5.9.3/junit-jupiter-params-5.9.3.jar:/Users/matthewcostigan/.m2/repository/org/junit/jupiter/junit-jupiter-engine/5.9.3/junit-jupiter-engine-5.9.3.jar:/Users/matthewcostigan/.m2/repository/org/junit/platform/junit-platform-engine/1.9.3/junit-platform-engine-1.9.3.jar:/Users/matthewcostigan/.m2/repository/org/mockito/mockito-core/5.3.1/mockito-core-5.3.1.jar:/Users/matthewcostigan/.m2/repository/net/bytebuddy/byte-buddy-agent/1.14.5/byte-buddy-agent-1.14.5.jar:/Users/matthewcostigan/.m2/repository/org/objenesis/objenesis/3.3/objenesis-3.3.jar:/Users/matthewcostigan/.m2/repository/org/mockito/mockito-junit-jupiter/5.3.1/mockito-junit-jupiter-5.3.1.jar:/Users/matthewcostigan/.m2/repository/org/skyscreamer/jsonassert/1.5.1/jsonassert-1.5.1.jar:/Users/matthewcostigan/.m2/repository/com/vaadin/external/google/android-json/0.0.20131108.vaadin1/android-json-0.0.20131108.vaadin1.jar:/Users/matthewcostigan/.m2/repository/org/springframework/spring-core/6.0.10/spring-core-6.0.10.jar:/Users/matthewcostigan/.m2/repository/org/springframework/spring-jcl/6.0.10/spring-jcl-6.0.10.jar:/Users/matthewcostigan/.m2/repository/org/springframework/spring-test/6.0.10/spring-test-6.0.10.jar:/Users/matthewcostigan/.m2/repository/org/xmlunit/xmlunit-core/2.9.1/xmlunit-core-2.9.1.jar:/Users/matthewcostigan/.m2/repository/org/mockito/kotlin/mockito-kotlin/4.1.0/mockito-kotlin-4.1.0.jar:/Users/matthewcostigan/.m2/repository/org/springframework/boot/spring-boot-starter-data-jpa/3.1.1/spring-boot-starter-data-jpa-3.1.1.jar:/Users/matthewcostigan/.m2/repository/org/springframework/boot/spring-boot-starter-aop/3.1.1/spring-boot-starter-aop-3.1.1.jar:/Users/matthewcostigan/.m2/repository/org/aspectj/aspectjweaver/1.9.19/aspectjweaver-1.9.19.jar:/Users/matthewcostigan/.m2/repository/org/springframework/boot/spring-boot-starter-jdbc/3.1.1/spring-boot-starter-jdbc-3.1.1.jar:/Users/matthewcostigan/.m2/repository/com/zaxxer/HikariCP/5.0.1/HikariCP-5.0.1.jar:/Users/matthewcostigan/.m2/repository/org/springframework/spring-jdbc/6.0.10/spring-jdbc-6.0.10.jar:/Users/matthewcostigan/.m2/repository/org/hibernate/orm/hibernate-core/6.2.5.Final/hibernate-core-6.2.5.Final.jar:/Users/matthewcostigan/.m2/repository/jakarta/persistence/jakarta.persistence-api/3.1.0/jakarta.persistence-api-3.1.0.jar:/Users/matthewcostigan/.m2/repository/jakarta/transaction/jakarta.transaction-api/2.0.1/jakarta.transaction-api-2.0.1.jar:/Users/matthewcostigan/.m2/repository/org/jboss/logging/jboss-logging/3.5.1.Final/jboss-logging-3.5.1.Final.jar:/Users/matthewcostigan/.m2/repository/org/hibernate/common/hibernate-commons-annotations/6.0.6.Final/hibernate-commons-annotations-6.0.6.Final.jar:/Users/matthewcostigan/.m2/repository/io/smallrye/jandex/3.0.5/jandex-3.0.5.jar:/Users/matthewcostigan/.m2/repository/com/fasterxml/classmate/1.5.1/classmate-1.5.1.jar:/Users/matthewcostigan/.m2/repository/org/glassfish/jaxb/jaxb-runtime/4.0.3/jaxb-runtime-4.0.3.jar:/Users/matthewcostigan/.m2/repository/org/glassfish/jaxb/jaxb-core/4.0.3/jaxb-core-4.0.3.jar:/Users/matthewcostigan/.m2/repository/org/eclipse/angus/angus-activation/2.0.1/angus-activation-2.0.1.jar:/Users/matthewcostigan/.m2/repository/org/glassfish/jaxb/txw2/4.0.3/txw2-4.0.3.jar:/Users/matthewcostigan/.m2/repository/com/sun/istack/istack-commons-runtime/4.1.2/istack-commons-runtime-4.1.2.jar:/Users/matthewcostigan/.m2/repository/jakarta/inject/jakarta.inject-api/2.0.1/jakarta.inject-api-2.0.1.jar:/Users/matthewcostigan/.m2/repository/org/antlr/antlr4-runtime/4.10.1/antlr4-runtime-4.10.1.jar:/Users/matthewcostigan/.m2/repository/org/springframework/data/spring-data-jpa/3.1.1/spring-data-jpa-3.1.1.jar:/Users/matthewcostigan/.m2/repository/org/springframework/data/spring-data-commons/3.1.1/spring-data-commons-3.1.1.jar:/Users/matthewcostigan/.m2/repository/org/springframework/spring-orm/6.0.10/spring-orm-6.0.10.jar:/Users/matthewcostigan/.m2/repository/org/springframework/spring-tx/6.0.10/spring-tx-6.0.10.jar:/Users/matthewcostigan/.m2/repository/org/springframework/spring-aspects/6.0.10/spring-aspects-6.0.10.jar:/Users/matthewcostigan/.m2/repository/org/postgresql/postgresql/42.6.0/postgresql-42.6.0.jar:/Users/matthewcostigan/.m2/repository/org/checkerframework/checker-qual/3.31.0/checker-qual-3.31.0.jar:/Users/matthewcostigan/.m2/repository/org/springframework/security/spring-security-oauth2-resource-server/6.0.1/spring-security-oauth2-resource-server-6.0.1.jar:/Users/matthewcostigan/.m2/repository/org/springframework/security/spring-security-oauth2-core/6.1.1/spring-security-oauth2-core-6.1.1.jar:/Users/matthewcostigan/.m2/repository/org/springframework/security/spring-security-web/6.1.1/spring-security-web-6.1.1.jar:/Users/matthewcostigan/.m2/repository/io/github/nefilim/kjwt/kjwt-core/0.5.3/kjwt-core-0.5.3.jar:/Users/matthewcostigan/.m2/repository/org/jetbrains/kotlin/kotlin-stdlib-jdk8/1.6.10/kotlin-stdlib-jdk8-1.6.10.jar:/Users/matthewcostigan/.m2/repository/org/jetbrains/kotlin/kotlin-stdlib-jdk7/1.6.10/kotlin-stdlib-jdk7-1.6.10.jar:/Users/matthewcostigan/.m2/repository/io/arrow-kt/arrow-core-jvm/1.0.1/arrow-core-jvm-1.0.1.jar:/Users/matthewcostigan/.m2/repository/io/arrow-kt/arrow-continuations-jvm/1.0.1/arrow-continuations-jvm-1.0.1.jar:/Users/matthewcostigan/.m2/repository/io/arrow-kt/arrow-annotations-jvm/1.0.1/arrow-annotations-jvm-1.0.1.jar:/Users/matthewcostigan/.m2/repository/org/codehaus/mojo/animal-sniffer-annotations/1.19/animal-sniffer-annotations-1.19.jar:/Users/matthewcostigan/.m2/repository/io/github/microutils/kotlin-logging-jvm/2.1.21/kotlin-logging-jvm-2.1.21.jar:/Users/matthewcostigan/.m2/repository/org/jetbrains/kotlinx/kotlinx-coroutines-core-jvm/1.6.4/kotlinx-coroutines-core-jvm-1.6.4.jar:/Users/matthewcostigan/.m2/repository/org/jetbrains/kotlinx/kotlinx-serialization-json-jvm/1.3.2/kotlinx-serialization-json-jvm-1.3.2.jar:/Users/matthewcostigan/.m2/repository/org/jetbrains/kotlinx/kotlinx-serialization-core-jvm/1.3.2/kotlinx-serialization-core-jvm-1.3.2.jar:/Users/matthewcostigan/.m2/repository/io/arrow-kt/arrow-core/1.1.2/arrow-core-1.1.2.jar:"/>
    <property name="java.vm.vendor" value="Oracle Corporation"/>
    <property name="sun.arch.data.model" value="64"/>
    <property name="java.vendor.url" value="https://java.oracle.com/"/>
    <property name="user.timezone" value="America/Chicago"/>
    <property name="os.name" value="Mac OS X"/>
    <property name="java.vm.specification.version" value="17"/>
    <property name="sun.java.launcher" value="SUN_STANDARD"/>
    <property name="user.country" value="US"/>
    <property name="sun.boot.library.path" value="/Library/Java/JavaVirtualMachines/jdk-17.jdk/Contents/Home/lib"/>
    <property name="sun.java.command" value="/Users/matthewcostigan/chess-server/target/surefire/surefirebooter-20230807172126683_3.jar /Users/matthewcostigan/chess-server/target/surefire 2023-08-07T17-21-26_552-jvmRun1 surefire-20230807172126683_1tmp surefire_0-20230807172126683_2tmp"/>
    <property name="http.nonProxyHosts" value="local|*.local|169.254/16|*.169.254/16"/>
    <property name="jdk.debug" value="release"/>
    <property name="surefire.test.class.path" value="/Users/matthewcostigan/chess-server/target/test-classes:/Users/matthewcostigan/chess-server/target/classes:/Users/matthewcostigan/.m2/repository/org/springframework/boot/spring-boot-starter-oauth2-resource-server/3.1.1/spring-boot-starter-oauth2-resource-server-3.1.1.jar:/Users/matthewcostigan/.m2/repository/org/springframework/boot/spring-boot-starter/3.1.1/spring-boot-starter-3.1.1.jar:/Users/matthewcostigan/.m2/repository/org/springframework/boot/spring-boot/3.1.1/spring-boot-3.1.1.jar:/Users/matthewcostigan/.m2/repository/org/springframework/boot/spring-boot-autoconfigure/3.1.1/spring-boot-autoconfigure-3.1.1.jar:/Users/matthewcostigan/.m2/repository/org/springframework/boot/spring-boot-starter-logging/3.1.1/spring-boot-starter-logging-3.1.1.jar:/Users/matthewcostigan/.m2/repository/ch/qos/logback/logback-classic/1.4.8/logback-classic-1.4.8.jar:/Users/matthewcostigan/.m2/repository/ch/qos/logback/logback-core/1.4.8/logback-core-1.4.8.jar:/Users/matthewcostigan/.m2/repository/org/apache/logging/log4j/log4j-to-slf4j/2.20.0/log4j-to-slf4j-2.20.0.jar:/Users/matthewcostigan/.m2/repository/org/apache/logging/log4j/log4j-api/2.20.0/log4j-api-2.20.0.jar:/Users/matthewcostigan/.m2/repository/org/slf4j/jul-to-slf4j/2.0.7/jul-to-slf4j-2.0.7.jar:/Users/matthewcostigan/.m2/repository/jakarta/annotation/jakarta.annotation-api/2.1.1/jakarta.annotation-api-2.1.1.jar:/Users/matthewcostigan/.m2/repository/org/yaml/snakeyaml/1.33/snakeyaml-1.33.jar:/Users/matthewcostigan/.m2/repository/org/springframework/security/spring-security-config/6.1.1/spring-security-config-6.1.1.jar:/Users/matthewcostigan/.m2/repository/org/springframework/spring-aop/6.0.10/spring-aop-6.0.10.jar:/Users/matthewcostigan/.m2/repository/org/springframework/spring-beans/6.0.10/spring-beans-6.0.10.jar:/Users/matthewcostigan/.m2/repository/org/springframework/spring-context/6.0.10/spring-context-6.0.10.jar:/Users/matthewcostigan/.m2/repository/org/springframework/security/spring-security-core/6.1.1/spring-security-core-6.1.1.jar:/Users/matthewcostigan/.m2/repository/org/springframework/security/spring-security-crypto/6.1.1/spring-security-crypto-6.1.1.jar:/Users/matthewcostigan/.m2/repository/org/springframework/spring-expression/6.0.10/spring-expression-6.0.10.jar:/Users/matthewcostigan/.m2/repository/io/micrometer/micrometer-observation/1.11.1/micrometer-observation-1.11.1.jar:/Users/matthewcostigan/.m2/repository/io/micrometer/micrometer-commons/1.11.1/micrometer-commons-1.11.1.jar:/Users/matthewcostigan/.m2/repository/org/springframework/security/spring-security-oauth2-jose/6.1.1/spring-security-oauth2-jose-6.1.1.jar:/Users/matthewcostigan/.m2/repository/com/nimbusds/nimbus-jose-jwt/9.31/nimbus-jose-jwt-9.31.jar:/Users/matthewcostigan/.m2/repository/com/github/stephenc/jcip/jcip-annotations/1.0-1/jcip-annotations-1.0-1.jar:/Users/matthewcostigan/.m2/repository/org/springframework/boot/spring-boot-starter-web/3.1.1/spring-boot-starter-web-3.1.1.jar:/Users/matthewcostigan/.m2/repository/org/springframework/boot/spring-boot-starter-json/3.1.1/spring-boot-starter-json-3.1.1.jar:/Users/matthewcostigan/.m2/repository/com/fasterxml/jackson/datatype/jackson-datatype-jdk8/2.15.2/jackson-datatype-jdk8-2.15.2.jar:/Users/matthewcostigan/.m2/repository/com/fasterxml/jackson/datatype/jackson-datatype-jsr310/2.15.2/jackson-datatype-jsr310-2.15.2.jar:/Users/matthewcostigan/.m2/repository/com/fasterxml/jackson/module/jackson-module-parameter-names/2.15.2/jackson-module-parameter-names-2.15.2.jar:/Users/matthewcostigan/.m2/repository/org/springframework/boot/spring-boot-starter-tomcat/3.1.1/spring-boot-starter-tomcat-3.1.1.jar:/Users/matthewcostigan/.m2/repository/org/apache/tomcat/embed/tomcat-embed-core/10.1.10/tomcat-embed-core-10.1.10.jar:/Users/matthewcostigan/.m2/repository/org/apache/tomcat/embed/tomcat-embed-el/10.1.10/tomcat-embed-el-10.1.10.jar:/Users/matthewcostigan/.m2/repository/org/apache/tomcat/embed/tomcat-embed-websocket/10.1.10/tomcat-embed-websocket-10.1.10.jar:/Users/matthewcostigan/.m2/repository/org/springframework/spring-web/6.0.10/spring-web-6.0.10.jar:/Users/matthewcostigan/.m2/repository/org/springframework/spring-webmvc/6.0.10/spring-webmvc-6.0.10.jar:/Users/matthewcostigan/.m2/repository/org/springframework/boot/spring-boot-starter-websocket/3.1.1/spring-boot-starter-websocket-3.1.1.jar:/Users/matthewcostigan/.m2/repository/org/springframework/spring-messaging/6.0.10/spring-messaging-6.0.10.jar:/Users/matthewcostigan/.m2/repository/org/springframework/spring-websocket/6.0.10/spring-websocket-6.0.10.jar:/Users/matthewcostigan/.m2/repository/com/fasterxml/jackson/module/jackson-module-kotlin/2.15.2/jackson-module-kotlin-2.15.2.jar:/Users/matthewcostigan/.m2/repository/com/fasterxml/jackson/core/jackson-databind/2.15.2/jackson-databind-2.15.2.jar:/Users/matthewcostigan/.m2/repository/com/fasterxml/jackson/core/jackson-core/2.15.2/jackson-core-2.15.2.jar:/Users/matthewcostigan/.m2/repository/com/fasterxml/jackson/core/jackson-annotations/2.15.2/jackson-annotations-2.15.2.jar:/Users/matthewcostigan/.m2/repository/org/jetbrains/kotlin/kotlin-reflect/1.6.10/kotlin-reflect-1.6.10.jar:/Users/matthewcostigan/.m2/repository/org/jetbrains/kotlin/kotlin-stdlib/1.6.10/kotlin-stdlib-1.6.10.jar:/Users/matthewcostigan/.m2/repository/org/jetbrains/annotations/13.0/annotations-13.0.jar:/Users/matthewcostigan/.m2/repository/org/jetbrains/kotlin/kotlin-stdlib-common/1.6.10/kotlin-stdlib-common-1.6.10.jar:/Users/matthewcostigan/.m2/repository/org/springframework/boot/spring-boot-starter-test/3.1.1/spring-boot-starter-test-3.1.1.jar:/Users/matthewcostigan/.m2/repository/org/springframework/boot/spring-boot-test/3.1.1/spring-boot-test-3.1.1.jar:/Users/matthewcostigan/.m2/repository/org/springframework/boot/spring-boot-test-autoconfigure/3.1.1/spring-boot-test-autoconfigure-3.1.1.jar:/Users/matthewcostigan/.m2/repository/com/jayway/jsonpath/json-path/2.8.0/json-path-2.8.0.jar:/Users/matthewcostigan/.m2/repository/org/slf4j/slf4j-api/2.0.7/slf4j-api-2.0.7.jar:/Users/matthewcostigan/.m2/repository/jakarta/xml/bind/jakarta.xml.bind-api/4.0.0/jakarta.xml.bind-api-4.0.0.jar:/Users/matthewcostigan/.m2/repository/jakarta/activation/jakarta.activation-api/2.1.2/jakarta.activation-api-2.1.2.jar:/Users/matthewcostigan/.m2/repository/net/minidev/json-smart/2.4.11/json-smart-2.4.11.jar:/Users/matthewcostigan/.m2/repository/net/minidev/accessors-smart/2.4.11/accessors-smart-2.4.11.jar:/Users/matthewcostigan/.m2/repository/org/ow2/asm/asm/9.3/asm-9.3.jar:/Users/matthewcostigan/.m2/repository/org/assertj/assertj-core/3.24.2/assertj-core-3.24.2.jar:/Users/matthewcostigan/.m2/repository/net/bytebuddy/byte-buddy/1.14.5/byte-buddy-1.14.5.jar:/Users/matthewcostigan/.m2/repository/org/hamcrest/hamcrest/2.2/hamcrest-2.2.jar:/Users/matthewcostigan/.m2/repository/org/junit/jupiter/junit-jupiter/5.9.3/junit-jupiter-5.9.3.jar:/Users/matthewcostigan/.m2/repository/org/junit/jupiter/junit-jupiter-api/5.9.3/junit-jupiter-api-5.9.3.jar:/Users/matthewcostigan/.m2/repository/org/opentest4j/opentest4j/1.2.0/opentest4j-1.2.0.jar:/Users/matthewcostigan/.m2/repository/org/junit/platform/junit-platform-commons/1.9.3/junit-platform-commons-1.9.3.jar:/Users/matthewcostigan/.m2/repository/org/apiguardian/apiguardian-api/1.1.2/apiguardian-api-1.1.2.jar:/Users/matthewcostigan/.m2/repository/org/junit/jupiter/junit-jupiter-params/5.9.3/junit-jupiter-params-5.9.3.jar:/Users/matthewcostigan/.m2/repository/org/junit/jupiter/junit-jupiter-engine/5.9.3/junit-jupiter-engine-5.9.3.jar:/Users/matthewcostigan/.m2/repository/org/junit/platform/junit-platform-engine/1.9.3/junit-platform-engine-1.9.3.jar:/Users/matthewcostigan/.m2/repository/org/mockito/mockito-core/5.3.1/mockito-core-5.3.1.jar:/Users/matthewcostigan/.m2/repository/net/bytebuddy/byte-buddy-agent/1.14.5/byte-buddy-agent-1.14.5.jar:/Users/matthewcostigan/.m2/repository/org/objenesis/objenesis/3.3/objenesis-3.3.jar:/Users/matthewcostigan/.m2/repository/org/mockito/mockito-junit-jupiter/5.3.1/mockito-junit-jupiter-5.3.1.jar:/Users/matthewcostigan/.m2/repository/org/skyscreamer/jsonassert/1.5.1/jsonassert-1.5.1.jar:/Users/matthewcostigan/.m2/repository/com/vaadin/external/google/android-json/0.0.20131108.vaadin1/android-json-0.0.20131108.vaadin1.jar:/Users/matthewcostigan/.m2/repository/org/springframework/spring-core/6.0.10/spring-core-6.0.10.jar:/Users/matthewcostigan/.m2/repository/org/springframework/spring-jcl/6.0.10/spring-jcl-6.0.10.jar:/Users/matthewcostigan/.m2/repository/org/springframework/spring-test/6.0.10/spring-test-6.0.10.jar:/Users/matthewcostigan/.m2/repository/org/xmlunit/xmlunit-core/2.9.1/xmlunit-core-2.9.1.jar:/Users/matthewcostigan/.m2/repository/org/mockito/kotlin/mockito-kotlin/4.1.0/mockito-kotlin-4.1.0.jar:/Users/matthewcostigan/.m2/repository/org/springframework/boot/spring-boot-starter-data-jpa/3.1.1/spring-boot-starter-data-jpa-3.1.1.jar:/Users/matthewcostigan/.m2/repository/org/springframework/boot/spring-boot-starter-aop/3.1.1/spring-boot-starter-aop-3.1.1.jar:/Users/matthewcostigan/.m2/repository/org/aspectj/aspectjweaver/1.9.19/aspectjweaver-1.9.19.jar:/Users/matthewcostigan/.m2/repository/org/springframework/boot/spring-boot-starter-jdbc/3.1.1/spring-boot-starter-jdbc-3.1.1.jar:/Users/matthewcostigan/.m2/repository/com/zaxxer/HikariCP/5.0.1/HikariCP-5.0.1.jar:/Users/matthewcostigan/.m2/repository/org/springframework/spring-jdbc/6.0.10/spring-jdbc-6.0.10.jar:/Users/matthewcostigan/.m2/repository/org/hibernate/orm/hibernate-core/6.2.5.Final/hibernate-core-6.2.5.Final.jar:/Users/matthewcostigan/.m2/repository/jakarta/persistence/jakarta.persistence-api/3.1.0/jakarta.persistence-api-3.1.0.jar:/Users/matthewcostigan/.m2/repository/jakarta/transaction/jakarta.transaction-api/2.0.1/jakarta.transaction-api-2.0.1.jar:/Users/matthewcostigan/.m2/repository/org/jboss/logging/jboss-logging/3.5.1.Final/jboss-logging-3.5.1.Final.jar:/Users/matthewcostigan/.m2/repository/org/hibernate/common/hibernate-commons-annotations/6.0.6.Final/hibernate-commons-annotations-6.0.6.Final.jar:/Users/matthewcostigan/.m2/repository/io/smallrye/jandex/3.0.5/jandex-3.0.5.jar:/Users/matthewcostigan/.m2/repository/com/fasterxml/classmate/1.5.1/classmate-1.5.1.jar:/Users/matthewcostigan/.m2/repository/org/glassfish/jaxb/jaxb-runtime/4.0.3/jaxb-runtime-4.0.3.jar:/Users/matthewcostigan/.m2/repository/org/glassfish/jaxb/jaxb-core/4.0.3/jaxb-core-4.0.3.jar:/Users/matthewcostigan/.m2/repository/org/eclipse/angus/angus-activation/2.0.1/angus-activation-2.0.1.jar:/Users/matthewcostigan/.m2/repository/org/glassfish/jaxb/txw2/4.0.3/txw2-4.0.3.jar:/Users/matthewcostigan/.m2/repository/com/sun/istack/istack-commons-runtime/4.1.2/istack-commons-runtime-4.1.2.jar:/Users/matthewcostigan/.m2/repository/jakarta/inject/jakarta.inject-api/2.0.1/jakarta.inject-api-2.0.1.jar:/Users/matthewcostigan/.m2/repository/org/antlr/antlr4-runtime/4.10.1/antlr4-runtime-4.10.1.jar:/Users/matthewcostigan/.m2/repository/org/springframework/data/spring-data-jpa/3.1.1/spring-data-jpa-3.1.1.jar:/Users/matthewcostigan/.m2/repository/org/springframework/data/spring-data-commons/3.1.1/spring-data-commons-3.1.1.jar:/Users/matthewcostigan/.m2/repository/org/springframework/spring-orm/6.0.10/spring-orm-6.0.10.jar:/Users/matthewcostigan/.m2/repository/org/springframework/spring-tx/6.0.10/spring-tx-6.0.10.jar:/Users/matthewcostigan/.m2/repository/org/springframework/spring-aspects/6.0.10/spring-aspects-6.0.10.jar:/Users/matthewcostigan/.m2/repository/org/postgresql/postgresql/42.6.0/postgresql-42.6.0.jar:/Users/matthewcostigan/.m2/repository/org/checkerframework/checker-qual/3.31.0/checker-qual-3.31.0.jar:/Users/matthewcostigan/.m2/repository/org/springframework/security/spring-security-oauth2-resource-server/6.0.1/spring-security-oauth2-resource-server-6.0.1.jar:/Users/matthewcostigan/.m2/repository/org/springframework/security/spring-security-oauth2-core/6.1.1/spring-security-oauth2-core-6.1.1.jar:/Users/matthewcostigan/.m2/repository/org/springframework/security/spring-security-web/6.1.1/spring-security-web-6.1.1.jar:/Users/matthewcostigan/.m2/repository/io/github/nefilim/kjwt/kjwt-core/0.5.3/kjwt-core-0.5.3.jar:/Users/matthewcostigan/.m2/repository/org/jetbrains/kotlin/kotlin-stdlib-jdk8/1.6.10/kotlin-stdlib-jdk8-1.6.10.jar:/Users/matthewcostigan/.m2/repository/org/jetbrains/kotlin/kotlin-stdlib-jdk7/1.6.10/kotlin-stdlib-jdk7-1.6.10.jar:/Users/matthewcostigan/.m2/repository/io/arrow-kt/arrow-core-jvm/1.0.1/arrow-core-jvm-1.0.1.jar:/Users/matthewcostigan/.m2/repository/io/arrow-kt/arrow-continuations-jvm/1.0.1/arrow-continuations-jvm-1.0.1.jar:/Users/matthewcostigan/.m2/repository/io/arrow-kt/arrow-annotations-jvm/1.0.1/arrow-annotations-jvm-1.0.1.jar:/Users/matthewcostigan/.m2/repository/org/codehaus/mojo/animal-sniffer-annotations/1.19/animal-sniffer-annotations-1.19.jar:/Users/matthewcostigan/.m2/repository/io/github/microutils/kotlin-logging-jvm/2.1.21/kotlin-logging-jvm-2.1.21.jar:/Users/matthewcostigan/.m2/repository/org/jetbrains/kotlinx/kotlinx-coroutines-core-jvm/1.6.4/kotlinx-coroutines-core-jvm-1.6.4.jar:/Users/matthewcostigan/.m2/repository/org/jetbrains/kotlinx/kotlinx-serialization-json-jvm/1.3.2/kotlinx-serialization-json-jvm-1.3.2.jar:/Users/matthewcostigan/.m2/repository/org/jetbrains/kotlinx/kotlinx-serialization-core-jvm/1.3.2/kotlinx-serialization-core-jvm-1.3.2.jar:/Users/matthewcostigan/.m2/repository/io/arrow-kt/arrow-core/1.1.2/arrow-core-1.1.2.jar:"/>
    <property name="sun.cpu.endian" value="little"/>
    <property name="user.home" value="/Users/matthewcostigan"/>
    <property name="user.language" value="en"/>
    <property name="java.specification.vendor" value="Oracle Corporation"/>
    <property name="java.version.date" value="2021-09-14"/>
    <property name="java.home" value="/Library/Java/JavaVirtualMachines/jdk-17.jdk/Contents/Home"/>
    <property name="file.separator" value="/"/>
    <property name="basedir" value="/Users/matthewcostigan/chess-server"/>
    <property name="java.vm.compressedOopsMode" value="Zero based"/>
    <property name="line.separator" value="&#10;"/>
    <property name="java.vm.specification.vendor" value="Oracle Corporation"/>
    <property name="java.specification.name" value="Java Platform API Specification"/>
    <property name="surefire.real.class.path" value="/Users/matthewcostigan/chess-server/target/surefire/surefirebooter-20230807172126683_3.jar"/>
    <property name="sun.management.compiler" value="HotSpot 64-Bit Tiered Compilers"/>
    <property name="ftp.nonProxyHosts" value="local|*.local|169.254/16|*.169.254/16"/>
    <property name="java.runtime.version" value="17+35-LTS-2724"/>
    <property name="user.name" value="matthewcostigan"/>
    <property name="path.separator" value=":"/>
    <property name="os.version" value="13.5"/>
    <property name="java.runtime.name" value="Java(TM) SE Runtime Environment"/>
    <property name="file.encoding" value="UTF-8"/>
    <property name="java.vm.name" value="Java HotSpot(TM) 64-Bit Server VM"/>
    <property name="localRepository" value="/Users/matthewcostigan/.m2/repository"/>
    <property name="java.vendor.url.bug" value="https://bugreport.java.com/bugreport/"/>
    <property name="java.io.tmpdir" value="/var/folders/4g/k875_vws3fb44xf5x736wq3c0000gn/T/"/>
    <property name="idea.version" value="2021.2.2"/>
    <property name="java.version" value="17"/>
    <property name="user.dir" value="/Users/matthewcostigan/chess-server"/>
    <property name="os.arch" value="x86_64"/>
    <property name="java.vm.specification.name" value="Java Virtual Machine Specification"/>
    <property name="native.encoding" value="UTF-8"/>
    <property name="java.library.path" value="/Users/matthewcostigan/Library/Java/Extensions:/Library/Java/Extensions:/Network/Library/Java/Extensions:/System/Library/Java/Extensions:/usr/lib/java:."/>
    <property name="java.vm.info" value="mixed mode, sharing"/>
    <property name="java.vendor" value="Oracle Corporation"/>
    <property name="java.vm.version" value="17+35-LTS-2724"/>
    <property name="sun.io.unicode.encoding" value="UnicodeBig"/>
    <property name="socksNonProxyHosts" value="local|*.local|169.254/16|*.169.254/16"/>
    <property name="java.class.version" value="61.0"/>
  </properties>
  <testcase name="get promotion move" classname="com.example.chessserver.gameplay.move.MoveFactoryTest" time="0.065"/>
  <testcase name="get basic move" classname="com.example.chessserver.gameplay.move.MoveFactoryTest" time="0.003"/>
  <testcase name="get castle move" classname="com.example.chessserver.gameplay.move.MoveFactoryTest" time="0.004"/>
  <testcase name="get attack move" classname="com.example.chessserver.gameplay.move.MoveFactoryTest" time="0.004"/>
  <testcase name="get attack with promotion" classname="com.example.chessserver.gameplay.move.MoveFactoryTest" time="0.007"/>
</testsuite>